<?xml version="1.0" encoding="UTF-8"?>
<!-- Generated by org.testng.reporters.JUnitReportReporter -->
<testsuite hostname="DESKTOP-6EEIOLG" name="testCases1.ExecuteTest1" tests="1" failures="0" timestamp="19 Sep 2016 00:32:55 GMT" time="27.706" errors="0">
  <testcase name="testLogin" time="27.706" classname="testCases1.ExecuteTest1"/>
</testsuite> <!-- testCases1.ExecuteTest1 -->
